android/app/build/intermediates/manifest_merge_blame_file/release/manifest-merger-blame-release-report.txt
1<?xml version="1.0" encoding="utf-8"?>
2<manifest xmlns:android="http://schemas.android.com/apk/res/android"
3    package="com.theunpadh"
4    android:versionCode="1"
5    android:versionName="1.0" >
6
7    <uses-sdk
8        android:minSdkVersion="21"
8-->src/main/AndroidManifest.xml
9        android:targetSdkVersion="30" />
9-->src/main/AndroidManifest.xml
10
11    <uses-permission android:name="android.permission.INTERNET" />
11-->src/main/AndroidManifest.xml:3:5-67
11-->src/main/AndroidManifest.xml:3:22-64
12    <uses-permission android:name="android.permission.ACCESS_NETWORK_STATE" />
12-->src/main/AndroidManifest.xml:4:1-75
12-->src/main/AndroidManifest.xml:4:18-72
13    <uses-permission android:name="android.permission.READ_EXTERNAL_STORAGE" />
13-->src/main/AndroidManifest.xml:5:1-76
13-->src/main/AndroidManifest.xml:5:18-73
14    <uses-permission android:name="android.permission.WRITE_EXTERNAL_STORAGE" />
14-->src/main/AndroidManifest.xml:6:7-83
14-->src/main/AndroidManifest.xml:6:24-80
15    <uses-permission android:name="android.permission.CAMERA" />
15-->src/main/AndroidManifest.xml:7:5-65
15-->src/main/AndroidManifest.xml:7:22-62
16
17    <uses-feature android:name="android.hardware.camera" />
17-->src/main/AndroidManifest.xml:8:5-60
17-->src/main/AndroidManifest.xml:8:19-57
18    <uses-feature android:name="android.hardware.camera.autofocus" />
18-->src/main/AndroidManifest.xml:9:1-66
18-->src/main/AndroidManifest.xml:9:15-63
19
20    <uses-permission android:name="android.permission.BLUETOOTH" /> <!-- for Device Name -->
20-->src/main/AndroidManifest.xml:10:1-63
20-->src/main/AndroidManifest.xml:10:18-61
21    <uses-permission android:name="android.permission.READ_PHONE_STATE" />
21-->src/main/AndroidManifest.xml:11:1-70
21-->src/main/AndroidManifest.xml:11:18-68
22    <uses-permission android:name="android.permission.WAKE_LOCK" />
22-->[:react-native-firebase_auth] AndroidManifest.xml:10:5-68
22-->[:react-native-firebase_auth] AndroidManifest.xml:10:22-65
23
24    <queries>
24-->[:react-native-image-crop-picker] AndroidManifest.xml:9:5-13:15
25        <intent>
25-->[:react-native-image-crop-picker] AndroidManifest.xml:10:9-12:18
26            <action android:name="android.media.action.IMAGE_CAPTURE" />
26-->[:react-native-image-crop-picker] AndroidManifest.xml:11:13-73
26-->[:react-native-image-crop-picker] AndroidManifest.xml:11:21-70
27        </intent>
28        <intent>
28-->[com.razorpay:checkout:1.6.34] AndroidManifest.xml:11:9-17:18
29            <action android:name="android.intent.action.VIEW" />
29-->src/main/AndroidManifest.xml:60:9-61
29-->src/main/AndroidManifest.xml:60:17-58
30
31            <data
31-->src/main/AndroidManifest.xml:63:9-67
32                android:mimeType="*/*"
33                android:scheme="*" />
33-->src/main/AndroidManifest.xml:63:15-64
34        </intent>
35        <intent>
35-->[com.razorpay:checkout:1.6.34] AndroidManifest.xml:18:9-27:18
36            <action android:name="android.intent.action.VIEW" />
36-->src/main/AndroidManifest.xml:60:9-61
36-->src/main/AndroidManifest.xml:60:17-58
37
38            <category android:name="android.intent.category.BROWSABLE" />
38-->src/main/AndroidManifest.xml:62:9-70
38-->src/main/AndroidManifest.xml:62:19-67
39
40            <data
40-->src/main/AndroidManifest.xml:63:9-67
41                android:host="pay"
42                android:mimeType="*/*"
43                android:scheme="upi" />
43-->src/main/AndroidManifest.xml:63:15-64
44        </intent>
45        <intent>
45-->[com.razorpay:checkout:1.6.34] AndroidManifest.xml:28:9-30:18
46            <action android:name="android.intent.action.MAIN" />
46-->src/main/AndroidManifest.xml:45:13-65
46-->src/main/AndroidManifest.xml:45:21-62
47        </intent>
48        <intent>
48-->[com.razorpay:checkout:1.6.34] AndroidManifest.xml:31:9-35:18
49            <action android:name="android.intent.action.SEND" />
49-->[com.razorpay:checkout:1.6.34] AndroidManifest.xml:32:13-65
49-->[com.razorpay:checkout:1.6.34] AndroidManifest.xml:32:21-62
50
51            <data android:mimeType="*/*" />
51-->src/main/AndroidManifest.xml:63:9-67
52        </intent>
53        <intent>
53-->[com.razorpay:checkout:1.6.34] AndroidManifest.xml:36:9-38:18
54            <action android:name="rzp.device_token.share" />
54-->[com.razorpay:checkout:1.6.34] AndroidManifest.xml:37:13-61
54-->[com.razorpay:checkout:1.6.34] AndroidManifest.xml:37:21-58
55        </intent>
56    </queries>
57
58    <uses-permission android:name="android.permission.POST_NOTIFICATIONS" /> <!-- Required by older versions of Google Play services to create IID tokens -->
58-->[com.google.firebase:firebase-messaging:23.1.2] AndroidManifest.xml:25:5-77
58-->[com.google.firebase:firebase-messaging:23.1.2] AndroidManifest.xml:25:22-74
59    <uses-permission android:name="com.google.android.c2dm.permission.RECEIVE" />
59-->[com.google.firebase:firebase-messaging:23.1.2] AndroidManifest.xml:28:5-82
59-->[com.google.firebase:firebase-messaging:23.1.2] AndroidManifest.xml:28:22-79
60    <uses-permission android:name="com.google.android.gms.permission.AD_ID" />
60-->[com.google.android.gms:play-services-measurement-api:21.3.0] AndroidManifest.xml:25:5-79
60-->[com.google.android.gms:play-services-measurement-api:21.3.0] AndroidManifest.xml:25:22-76
61    <uses-permission android:name="com.google.android.finsky.permission.BIND_GET_INSTALL_REFERRER_SERVICE" />
61-->[com.google.android.gms:play-services-measurement:21.3.0] AndroidManifest.xml:26:5-110
61-->[com.google.android.gms:play-services-measurement:21.3.0] AndroidManifest.xml:26:22-107
62
63    <uses-feature
63-->[com.google.android.gms:play-services-maps:17.0.0] AndroidManifest.xml:26:5-28:35
64        android:glEsVersion="0x00020000"
64-->[com.google.android.gms:play-services-maps:17.0.0] AndroidManifest.xml:27:9-41
65        android:required="true" />
65-->[com.google.android.gms:play-services-maps:17.0.0] AndroidManifest.xml:28:9-32
66
67    <application
67-->src/main/AndroidManifest.xml:15:5-66:19
68        android:name="com.theunpadh.MainApplication"
68-->src/main/AndroidManifest.xml:16:7-38
69        android:allowBackup="false"
69-->src/main/AndroidManifest.xml:20:7-34
70        android:appComponentFactory="androidx.core.app.CoreComponentFactory"
70-->[androidx.core:core:1.7.0] AndroidManifest.xml:24:18-86
71        android:hardwareAccelerated="true"
71-->src/main/AndroidManifest.xml:22:9-43
72        android:icon="@mipmap/ic_launcher"
72-->src/main/AndroidManifest.xml:18:7-41
73        android:label="@string/app_name"
73-->src/main/AndroidManifest.xml:17:7-39
74        android:roundIcon="@mipmap/ic_launcher_round"
74-->src/main/AndroidManifest.xml:19:7-52
75        android:supportsRtl="true"
75-->[com.facebook.android:facebook-android-sdk:8.2.0] AndroidManifest.xml:28:18-44
76        android:theme="@style/AppTheme"
76-->src/main/AndroidManifest.xml:23:7-38
77        android:usesCleartextTraffic="true" >
77-->src/main/AndroidManifest.xml:21:7-42
78        <meta-data
78-->src/main/AndroidManifest.xml:25:7-27:68
79            android:name="com.google.android.geo.API_KEY"
79-->src/main/AndroidManifest.xml:26:11-56
80            android:value="AIzaSyBxRB7njC9Cv9Dn3VLM6CboohuxHBzy_oc" />
80-->src/main/AndroidManifest.xml:27:11-66
81        <!--
82    <meta-data android:name="com.facebook.sdk.ApplicationId" 
83    android:value="@string/facebook_app_id"/>
84      <meta-data android:name="com.facebook.sdk.ClientToken" 
85      android:value="@string/facebook_client_token"/>
86        -->
87        <meta-data
87-->src/main/AndroidManifest.xml:32:1-34:59
88            android:name="com.google.android.gms.version"
88-->src/main/AndroidManifest.xml:33:3-48
89            android:value="@integer/google_play_services_version" />
89-->src/main/AndroidManifest.xml:34:3-56
90
91        <activity
91-->src/main/AndroidManifest.xml:37:7-48:18
92            android:name="com.theunpadh.MainActivity"
92-->src/main/AndroidManifest.xml:38:9-37
93            android:configChanges="keyboard|keyboardHidden|orientation|screenSize|uiMode"
93-->src/main/AndroidManifest.xml:41:9-86
94            android:exported="true"
94-->src/main/AndroidManifest.xml:39:11-34
95            android:label="@string/app_name"
95-->src/main/AndroidManifest.xml:40:9-41
96            android:launchMode="singleTask"
96-->src/main/AndroidManifest.xml:42:9-40
97            android:windowSoftInputMode="adjustResize" >
97-->src/main/AndroidManifest.xml:43:9-51
98            <intent-filter>
98-->src/main/AndroidManifest.xml:44:9-47:25
99                <action android:name="android.intent.action.MAIN" />
99-->src/main/AndroidManifest.xml:45:13-65
99-->src/main/AndroidManifest.xml:45:21-62
100
101                <category android:name="android.intent.category.LAUNCHER" />
101-->src/main/AndroidManifest.xml:46:13-73
101-->src/main/AndroidManifest.xml:46:23-70
102            </intent-filter>
103        </activity>
104
105        <!-- ****************************** -->
106        <meta-data
106-->src/main/AndroidManifest.xml:53:5-54:46
107            android:name="com.facebook.sdk.ApplicationId"
107-->src/main/AndroidManifest.xml:53:16-61
108            android:value="@string/facebook_app_id" />
108-->src/main/AndroidManifest.xml:54:5-44
109
110        <activity
110-->src/main/AndroidManifest.xml:56:5-65:16
111            android:name="com.facebook.CustomTabActivity"
111-->src/main/AndroidManifest.xml:57:7-52
112            android:exported="true" >
112-->src/main/AndroidManifest.xml:58:7-30
113            <intent-filter>
113-->src/main/AndroidManifest.xml:59:7-64:23
114                <action android:name="android.intent.action.VIEW" />
114-->src/main/AndroidManifest.xml:60:9-61
114-->src/main/AndroidManifest.xml:60:17-58
115
116                <category android:name="android.intent.category.DEFAULT" />
116-->src/main/AndroidManifest.xml:61:9-68
116-->src/main/AndroidManifest.xml:61:19-65
117                <category android:name="android.intent.category.BROWSABLE" />
117-->src/main/AndroidManifest.xml:62:9-70
117-->src/main/AndroidManifest.xml:62:19-67
118
119                <data android:scheme="@string/fb_login_protocol_scheme" />
119-->src/main/AndroidManifest.xml:63:9-67
119-->src/main/AndroidManifest.xml:63:15-64
120            </intent-filter>
121            <intent-filter>
121-->[com.facebook.android:facebook-common:8.2.0] AndroidManifest.xml:39:13-48:29
122                <action android:name="android.intent.action.VIEW" />
122-->src/main/AndroidManifest.xml:60:9-61
122-->src/main/AndroidManifest.xml:60:17-58
123
124                <category android:name="android.intent.category.DEFAULT" />
124-->src/main/AndroidManifest.xml:61:9-68
124-->src/main/AndroidManifest.xml:61:19-65
125                <category android:name="android.intent.category.BROWSABLE" />
125-->src/main/AndroidManifest.xml:62:9-70
125-->src/main/AndroidManifest.xml:62:19-67
126
127                <data
127-->src/main/AndroidManifest.xml:63:9-67
128                    android:host="cct.com.theunpadh"
129                    android:scheme="fbconnect" />
129-->src/main/AndroidManifest.xml:63:15-64
130            </intent-filter>
131        </activity>
132
133        <service
133-->[:react-native-firebase_messaging] AndroidManifest.xml:14:9-16:40
134            android:name="io.invertase.firebase.messaging.ReactNativeFirebaseMessagingHeadlessService"
134-->[:react-native-firebase_messaging] AndroidManifest.xml:15:13-103
135            android:exported="false" />
135-->[:react-native-firebase_messaging] AndroidManifest.xml:16:13-37
136        <service
136-->[:react-native-firebase_messaging] AndroidManifest.xml:17:9-23:19
137            android:name="io.invertase.firebase.messaging.ReactNativeFirebaseMessagingService"
137-->[:react-native-firebase_messaging] AndroidManifest.xml:18:13-95
138            android:exported="false" >
138-->[:react-native-firebase_messaging] AndroidManifest.xml:19:13-37
139            <intent-filter>
139-->[:react-native-firebase_messaging] AndroidManifest.xml:20:13-22:29
140                <action android:name="com.google.firebase.MESSAGING_EVENT" />
140-->[:react-native-firebase_messaging] AndroidManifest.xml:21:17-78
140-->[:react-native-firebase_messaging] AndroidManifest.xml:21:25-75
141            </intent-filter>
142        </service>
143
144        <receiver
144-->[:react-native-firebase_messaging] AndroidManifest.xml:25:9-32:20
145            android:name="io.invertase.firebase.messaging.ReactNativeFirebaseMessagingReceiver"
145-->[:react-native-firebase_messaging] AndroidManifest.xml:26:13-96
146            android:exported="true"
146-->[:react-native-firebase_messaging] AndroidManifest.xml:27:13-36
147            android:permission="com.google.android.c2dm.permission.SEND" >
147-->[:react-native-firebase_messaging] AndroidManifest.xml:28:13-73
148            <intent-filter>
148-->[:react-native-firebase_messaging] AndroidManifest.xml:29:13-31:29
149                <action android:name="com.google.android.c2dm.intent.RECEIVE" />
149-->[:react-native-firebase_messaging] AndroidManifest.xml:30:17-81
149-->[:react-native-firebase_messaging] AndroidManifest.xml:30:25-78
150            </intent-filter>
151        </receiver>
152
153        <meta-data
153-->[:react-native-firebase_messaging] AndroidManifest.xml:34:9-36:36
154            android:name="firebase_messaging_auto_init_enabled"
154-->[:react-native-firebase_messaging] AndroidManifest.xml:35:13-64
155            android:value="true" />
155-->[:react-native-firebase_messaging] AndroidManifest.xml:36:13-33
156        <meta-data
156-->[:react-native-firebase_messaging] AndroidManifest.xml:37:9-39:32
157            android:name="com.google.firebase.messaging.default_notification_channel_id"
157-->[:react-native-firebase_messaging] AndroidManifest.xml:38:13-89
158            android:value="" />
158-->[:react-native-firebase_messaging] AndroidManifest.xml:39:13-29
159        <meta-data
159-->[:react-native-firebase_messaging] AndroidManifest.xml:40:9-42:47
160            android:name="com.google.firebase.messaging.default_notification_color"
160-->[:react-native-firebase_messaging] AndroidManifest.xml:41:13-84
161            android:resource="@color/white" />
161-->[:react-native-firebase_messaging] AndroidManifest.xml:42:13-44
162        <meta-data
162-->[:react-native-firebase_app] AndroidManifest.xml:11:9-13:36
163            android:name="app_data_collection_default_enabled"
163-->[:react-native-firebase_app] AndroidManifest.xml:12:13-63
164            android:value="true" />
164-->[:react-native-firebase_app] AndroidManifest.xml:13:13-33
165
166        <service
166-->[:react-native-firebase_app] AndroidManifest.xml:15:9-23:19
167            android:name="com.google.firebase.components.ComponentDiscoveryService"
167-->[:react-native-firebase_app] AndroidManifest.xml:16:13-84
168            android:directBootAware="true"
168-->[:react-native-firebase_app] AndroidManifest.xml:17:13-43
169            android:exported="false" >
169-->[:react-native-firebase_app] AndroidManifest.xml:18:13-37
170            <meta-data
170-->[:react-native-firebase_app] AndroidManifest.xml:20:13-22:85
171                android:name="com.google.firebase.components:io.invertase.firebase.app.ReactNativeFirebaseAppRegistrar"
171-->[:react-native-firebase_app] AndroidManifest.xml:21:17-120
172                android:value="com.google.firebase.components.ComponentRegistrar" />
172-->[:react-native-firebase_app] AndroidManifest.xml:22:17-82
173            <meta-data
173-->[com.google.firebase:firebase-auth:22.0.0] AndroidManifest.xml:69:13-71:85
174                android:name="com.google.firebase.components:com.google.firebase.auth.FirebaseAuthRegistrar"
174-->[com.google.firebase:firebase-auth:22.0.0] AndroidManifest.xml:70:17-109
175                android:value="com.google.firebase.components.ComponentRegistrar" />
175-->[com.google.firebase:firebase-auth:22.0.0] AndroidManifest.xml:71:17-82
176            <meta-data
176-->[com.google.firebase:firebase-messaging:23.1.2] AndroidManifest.xml:55:13-57:85
177                android:name="com.google.firebase.components:com.google.firebase.messaging.FirebaseMessagingRegistrar"
177-->[com.google.firebase:firebase-messaging:23.1.2] AndroidManifest.xml:56:17-119
178                android:value="com.google.firebase.components.ComponentRegistrar" />
178-->[com.google.firebase:firebase-messaging:23.1.2] AndroidManifest.xml:57:17-82
179            <meta-data
179-->[com.google.firebase:firebase-datatransport:18.1.7] AndroidManifest.xml:27:13-29:85
180                android:name="com.google.firebase.components:com.google.firebase.datatransport.TransportRegistrar"
180-->[com.google.firebase:firebase-datatransport:18.1.7] AndroidManifest.xml:28:17-115
181                android:value="com.google.firebase.components.ComponentRegistrar" />
181-->[com.google.firebase:firebase-datatransport:18.1.7] AndroidManifest.xml:29:17-82
182            <meta-data
182-->[com.google.android.gms:play-services-measurement-api:21.3.0] AndroidManifest.xml:31:13-33:85
183                android:name="com.google.firebase.components:com.google.firebase.analytics.connector.internal.AnalyticsConnectorRegistrar"
183-->[com.google.android.gms:play-services-measurement-api:21.3.0] AndroidManifest.xml:32:17-139
184                android:value="com.google.firebase.components.ComponentRegistrar" />
184-->[com.google.android.gms:play-services-measurement-api:21.3.0] AndroidManifest.xml:33:17-82
185            <meta-data
185-->[com.google.firebase:firebase-installations:17.1.3] AndroidManifest.xml:17:13-19:85
186                android:name="com.google.firebase.components:com.google.firebase.installations.FirebaseInstallationsRegistrar"
186-->[com.google.firebase:firebase-installations:17.1.3] AndroidManifest.xml:18:17-127
187                android:value="com.google.firebase.components.ComponentRegistrar" />
187-->[com.google.firebase:firebase-installations:17.1.3] AndroidManifest.xml:19:17-82
188        </service>
189
190        <provider
190-->[:react-native-firebase_app] AndroidManifest.xml:25:9-29:38
191            android:name="io.invertase.firebase.app.ReactNativeFirebaseAppInitProvider"
191-->[:react-native-firebase_app] AndroidManifest.xml:26:13-88
192            android:authorities="com.theunpadh.reactnativefirebaseappinitprovider"
192-->[:react-native-firebase_app] AndroidManifest.xml:27:13-86
193            android:exported="false"
193-->[:react-native-firebase_app] AndroidManifest.xml:28:13-37
194            android:initOrder="99" />
194-->[:react-native-firebase_app] AndroidManifest.xml:29:13-35
195        <provider
195-->[:react-native-image-crop-picker] AndroidManifest.xml:18:9-26:20
196            android:name="androidx.core.content.FileProvider"
196-->[:react-native-image-crop-picker] AndroidManifest.xml:19:13-62
197            android:authorities="com.theunpadh.provider"
197-->[:react-native-image-crop-picker] AndroidManifest.xml:20:13-60
198            android:exported="false"
198-->[:react-native-image-crop-picker] AndroidManifest.xml:21:13-37
199            android:grantUriPermissions="true" >
199-->[:react-native-image-crop-picker] AndroidManifest.xml:22:13-47
200            <meta-data
200-->[:react-native-image-crop-picker] AndroidManifest.xml:23:13-25:58
201                android:name="android.support.FILE_PROVIDER_PATHS"
201-->[:react-native-image-crop-picker] AndroidManifest.xml:24:17-67
202                android:resource="@xml/provider_paths" />
202-->[:react-native-image-crop-picker] AndroidManifest.xml:25:17-55
203        </provider>
204
205        <activity
205-->[:react-native-image-crop-picker] AndroidManifest.xml:28:9-30:72
206            android:name="com.yalantis.ucrop.UCropActivity"
206-->[:react-native-image-crop-picker] AndroidManifest.xml:29:13-60
207            android:theme="@style/Theme.AppCompat.Light.NoActionBar" />
207-->[:react-native-image-crop-picker] AndroidManifest.xml:30:13-69
208
209        <provider
209-->[:react-native-image-picker] AndroidManifest.xml:10:9-18:20
210            android:name="com.imagepicker.ImagePickerProvider"
210-->[:react-native-image-picker] AndroidManifest.xml:11:13-63
211            android:authorities="com.theunpadh.imagepickerprovider"
211-->[:react-native-image-picker] AndroidManifest.xml:12:13-71
212            android:exported="false"
212-->[:react-native-image-picker] AndroidManifest.xml:13:13-37
213            android:grantUriPermissions="true" >
213-->[:react-native-image-picker] AndroidManifest.xml:14:13-47
214            <meta-data
214-->[:react-native-image-crop-picker] AndroidManifest.xml:23:13-25:58
215                android:name="android.support.FILE_PROVIDER_PATHS"
215-->[:react-native-image-crop-picker] AndroidManifest.xml:24:17-67
216                android:resource="@xml/imagepicker_provider_paths" />
216-->[:react-native-image-crop-picker] AndroidManifest.xml:25:17-55
217        </provider>
218
219        <activity
219-->[:react-native-razorpay] AndroidManifest.xml:10:9-12:86
220            android:name="com.razorpay.CheckoutActivity"
220-->[:react-native-razorpay] AndroidManifest.xml:11:13-57
221            android:configChanges="keyboard|keyboardHidden|orientation|screenSize"
221-->[:react-native-razorpay] AndroidManifest.xml:12:13-83
222            android:exported="false"
222-->[com.razorpay:checkout:1.6.34] AndroidManifest.xml:54:13-37
223            android:theme="@style/CheckoutTheme" >
223-->[com.razorpay:checkout:1.6.34] AndroidManifest.xml:55:13-49
224            <intent-filter>
224-->[com.razorpay:checkout:1.6.34] AndroidManifest.xml:56:13-58:29
225                <action android:name="android.intent.action.MAIN" />
225-->src/main/AndroidManifest.xml:45:13-65
225-->src/main/AndroidManifest.xml:45:21-62
226            </intent-filter>
227        </activity>
228
229        <provider
229-->[:react-native-webview] AndroidManifest.xml:10:9-18:20
230            android:name="com.reactnativecommunity.webview.RNCWebViewFileProvider"
230-->[:react-native-webview] AndroidManifest.xml:11:13-83
231            android:authorities="com.theunpadh.fileprovider"
231-->[:react-native-webview] AndroidManifest.xml:12:13-64
232            android:exported="false"
232-->[:react-native-webview] AndroidManifest.xml:13:13-37
233            android:grantUriPermissions="true" >
233-->[:react-native-webview] AndroidManifest.xml:14:13-47
234            <meta-data
234-->[:react-native-image-crop-picker] AndroidManifest.xml:23:13-25:58
235                android:name="android.support.FILE_PROVIDER_PATHS"
235-->[:react-native-image-crop-picker] AndroidManifest.xml:24:17-67
236                android:resource="@xml/file_provider_paths" />
236-->[:react-native-image-crop-picker] AndroidManifest.xml:25:17-55
237        </provider>
238
239        <activity
239-->[com.google.firebase:firebase-auth:22.0.0] AndroidManifest.xml:29:9-46:20
240            android:name="com.google.firebase.auth.internal.GenericIdpActivity"
240-->[com.google.firebase:firebase-auth:22.0.0] AndroidManifest.xml:30:13-80
241            android:excludeFromRecents="true"
241-->[com.google.firebase:firebase-auth:22.0.0] AndroidManifest.xml:31:13-46
242            android:exported="true"
242-->[com.google.firebase:firebase-auth:22.0.0] AndroidManifest.xml:32:13-36
243            android:launchMode="singleTask"
243-->[com.google.firebase:firebase-auth:22.0.0] AndroidManifest.xml:33:13-44
244            android:theme="@android:style/Theme.Translucent.NoTitleBar" >
244-->[com.google.firebase:firebase-auth:22.0.0] AndroidManifest.xml:34:13-72
245            <intent-filter>
245-->[com.google.firebase:firebase-auth:22.0.0] AndroidManifest.xml:35:13-45:29
246                <action android:name="android.intent.action.VIEW" />
246-->src/main/AndroidManifest.xml:60:9-61
246-->src/main/AndroidManifest.xml:60:17-58
247
248                <category android:name="android.intent.category.DEFAULT" />
248-->src/main/AndroidManifest.xml:61:9-68
248-->src/main/AndroidManifest.xml:61:19-65
249                <category android:name="android.intent.category.BROWSABLE" />
249-->src/main/AndroidManifest.xml:62:9-70
249-->src/main/AndroidManifest.xml:62:19-67
250
251                <data
251-->src/main/AndroidManifest.xml:63:9-67
252                    android:host="firebase.auth"
253                    android:path="/"
254                    android:scheme="genericidp" />
254-->src/main/AndroidManifest.xml:63:15-64
255            </intent-filter>
256        </activity>
257        <activity
257-->[com.google.firebase:firebase-auth:22.0.0] AndroidManifest.xml:47:9-64:20
258            android:name="com.google.firebase.auth.internal.RecaptchaActivity"
258-->[com.google.firebase:firebase-auth:22.0.0] AndroidManifest.xml:48:13-79
259            android:excludeFromRecents="true"
259-->[com.google.firebase:firebase-auth:22.0.0] AndroidManifest.xml:49:13-46
260            android:exported="true"
260-->[com.google.firebase:firebase-auth:22.0.0] AndroidManifest.xml:50:13-36
261            android:launchMode="singleTask"
261-->[com.google.firebase:firebase-auth:22.0.0] AndroidManifest.xml:51:13-44
262            android:theme="@android:style/Theme.Translucent.NoTitleBar" >
262-->[com.google.firebase:firebase-auth:22.0.0] AndroidManifest.xml:52:13-72
263            <intent-filter>
263-->[com.google.firebase:firebase-auth:22.0.0] AndroidManifest.xml:53:13-63:29
264                <action android:name="android.intent.action.VIEW" />
264-->src/main/AndroidManifest.xml:60:9-61
264-->src/main/AndroidManifest.xml:60:17-58
265
266                <category android:name="android.intent.category.DEFAULT" />
266-->src/main/AndroidManifest.xml:61:9-68
266-->src/main/AndroidManifest.xml:61:19-65
267                <category android:name="android.intent.category.BROWSABLE" />
267-->src/main/AndroidManifest.xml:62:9-70
267-->src/main/AndroidManifest.xml:62:19-67
268
269                <data
269-->src/main/AndroidManifest.xml:63:9-67
270                    android:host="firebase.auth"
271                    android:path="/"
272                    android:scheme="recaptcha" />
272-->src/main/AndroidManifest.xml:63:15-64
273            </intent-filter>
274        </activity>
275
276        <receiver
276-->[com.razorpay:checkout:1.6.34] AndroidManifest.xml:42:9-49:20
277            android:name="com.razorpay.RzpTokenReceiver"
277-->[com.razorpay:checkout:1.6.34] AndroidManifest.xml:43:13-57
278            android:exported="true" >
278-->[com.razorpay:checkout:1.6.34] AndroidManifest.xml:44:13-36
279            <intent-filter>
279-->[com.razorpay:checkout:1.6.34] AndroidManifest.xml:46:13-48:29
280                <action android:name="rzp.device_token.share" />
280-->[com.razorpay:checkout:1.6.34] AndroidManifest.xml:37:13-61
280-->[com.razorpay:checkout:1.6.34] AndroidManifest.xml:37:21-58
281            </intent-filter>
282        </receiver>
283
284        <meta-data
284-->[com.razorpay:checkout:1.6.34] AndroidManifest.xml:61:9-63:58
285            android:name="com.razorpay.plugin.googlepay_all"
285-->[com.razorpay:checkout:1.6.34] AndroidManifest.xml:62:13-61
286            android:value="com.razorpay.RzpGpayMerged" />
286-->[com.razorpay:checkout:1.6.34] AndroidManifest.xml:63:13-55
287
288        <activity
288-->[com.facebook.android:facebook-common:8.2.0] AndroidManifest.xml:30:9-33:66
289            android:name="com.facebook.FacebookActivity"
289-->[com.facebook.android:facebook-common:8.2.0] AndroidManifest.xml:31:13-57
290            android:configChanges="keyboard|keyboardHidden|screenLayout|screenSize|orientation"
290-->[com.facebook.android:facebook-common:8.2.0] AndroidManifest.xml:32:13-96
291            android:theme="@style/com_facebook_activity_theme" />
291-->[com.facebook.android:facebook-common:8.2.0] AndroidManifest.xml:33:13-63
292        <activity android:name="com.facebook.CustomTabMainActivity" />
292-->[com.facebook.android:facebook-common:8.2.0] AndroidManifest.xml:34:9-71
292-->[com.facebook.android:facebook-common:8.2.0] AndroidManifest.xml:34:19-68
293
294        <receiver
294-->[com.google.firebase:firebase-messaging:23.1.2] AndroidManifest.xml:31:9-38:20
295            android:name="com.google.firebase.iid.FirebaseInstanceIdReceiver"
295-->[com.google.firebase:firebase-messaging:23.1.2] AndroidManifest.xml:32:13-78
296            android:exported="true"
296-->[com.google.firebase:firebase-messaging:23.1.2] AndroidManifest.xml:33:13-36
297            android:permission="com.google.android.c2dm.permission.SEND" >
297-->[com.google.firebase:firebase-messaging:23.1.2] AndroidManifest.xml:34:13-73
298            <intent-filter>
298-->[:react-native-firebase_messaging] AndroidManifest.xml:29:13-31:29
299                <action android:name="com.google.android.c2dm.intent.RECEIVE" />
299-->[:react-native-firebase_messaging] AndroidManifest.xml:30:17-81
299-->[:react-native-firebase_messaging] AndroidManifest.xml:30:25-78
300            </intent-filter>
301        </receiver>
302        <!--
303             FirebaseMessagingService performs security checks at runtime,
304             but set to not exported to explicitly avoid allowing another app to call it.
305        -->
306        <service
306-->[com.google.firebase:firebase-messaging:23.1.2] AndroidManifest.xml:44:9-51:19
307            android:name="com.google.firebase.messaging.FirebaseMessagingService"
307-->[com.google.firebase:firebase-messaging:23.1.2] AndroidManifest.xml:45:13-82
308            android:directBootAware="true"
308-->[com.google.firebase:firebase-messaging:23.1.2] AndroidManifest.xml:46:13-43
309            android:exported="false" >
309-->[com.google.firebase:firebase-messaging:23.1.2] AndroidManifest.xml:47:13-37
310            <intent-filter android:priority="-500" >
310-->[:react-native-firebase_messaging] AndroidManifest.xml:20:13-22:29